===< 74611 >===
running 1 interestingness test in parallel
===< pass_blank :: 0 >===
(0.1 %, 57900 bytes)
===< pass_lines :: 0 >===
(0.1 %, 57909 bytes)
(1.4 %, 57133 bytes)
(2.5 %, 56479 bytes)
(3.2 %, 56095 bytes)
(3.8 %, 55772 bytes)
(4.0 %, 55654 bytes)
(4.1 %, 55553 bytes)
(4.2 %, 55510 bytes)
(4.4 %, 55415 bytes)
(4.5 %, 55330 bytes)
(5.8 %, 54615 bytes)
(5.9 %, 54541 bytes)
(6.1 %, 54437 bytes)
(6.1 %, 54398 bytes)
(6.2 %, 54350 bytes)
(6.5 %, 54177 bytes)
(6.6 %, 54127 bytes)
(7.1 %, 53854 bytes)
(7.2 %, 53804 bytes)
(7.9 %, 53400 bytes)
(7.9 %, 53350 bytes)
(8.0 %, 53325 bytes)
(8.0 %, 53293 bytes)
(8.1 %, 53252 bytes)
