===< 4320 >===
running 1 interestingness test in parallel
===< pass_blank :: 0 >===
(0.2 %, 17059 bytes)
===< pass_lines :: 0 >===
(0.1 %, 17078 bytes)
(5.4 %, 16178 bytes)
(8.5 %, 15643 bytes)
(9.5 %, 15481 bytes)
(10.8 %, 15258 bytes)
(11.4 %, 15153 bytes)
(12.0 %, 15049 bytes)
(12.3 %, 14999 bytes)
(12.4 %, 14972 bytes)
(12.7 %, 14924 bytes)
(13.0 %, 14870 bytes)
(13.3 %, 14820 bytes)
(13.5 %, 14786 bytes)
(13.8 %, 14736 bytes)
(14.5 %, 14628 bytes)
(14.7 %, 14578 bytes)
(15.0 %, 14536 bytes)
(15.3 %, 14486 bytes)
(16.5 %, 14283 bytes)
(16.8 %, 14233 bytes)
(17.8 %, 14054 bytes)
(18.1 %, 14005 bytes)
(18.2 %, 13980 bytes)
(18.4 %, 13951 bytes)
(18.6 %, 13915 bytes)
(18.8 %, 13883 bytes)
(19.1 %, 13842 bytes)
(19.2 %, 13817 bytes)
(20.8 %, 13541 bytes)
===< pass_lines :: 1 >===
(19.8 %, 13716 bytes)
(23.8 %, 13033 bytes)
(24.5 %, 12905 bytes)
(25.2 %, 12797 bytes)
(27.8 %, 12344 bytes)
(28.2 %, 12283 bytes)
(28.6 %, 12202 bytes)
(38.6 %, 10495 bytes)
(43.5 %, 9656 bytes)
(44.3 %, 9525 bytes)
(44.7 %, 9452 bytes)
(48.0 %, 8885 bytes)
(49.2 %, 8688 bytes)
(49.6 %, 8625 bytes)
(49.8 %, 8585 bytes)
(50.0 %, 8551 bytes)
(50.3 %, 8495 bytes)
(50.6 %, 8439 bytes)
(51.0 %, 8385 bytes)
(51.3 %, 8331 bytes)
(51.4 %, 8303 bytes)
(51.7 %, 8266 bytes)
(51.8 %, 8247 bytes)
(51.9 %, 8220 bytes)
(52.1 %, 8196 bytes)
(52.2 %, 8172 bytes)
(52.5 %, 8128 bytes)
(52.7 %, 8089 bytes)
(52.8 %, 8063 bytes)
(56.7 %, 7405 bytes)
(56.9 %, 7376 bytes)
(57.0 %, 7351 bytes)
(57.2 %, 7324 bytes)
(57.4 %, 7291 bytes)
(57.5 %, 7263 bytes)
(59.9 %, 6859 bytes)
(60.0 %, 6832 bytes)
(60.5 %, 6758 bytes)
(60.7 %, 6723 bytes)
(60.8 %, 6695 bytes)
(61.0 %, 6664 bytes)
(61.4 %, 6602 bytes)
(61.6 %, 6560 bytes)
(62.2 %, 6464 bytes)
(62.8 %, 6357 bytes)
(63.4 %, 6265 bytes)
(63.6 %, 6226 bytes)
(63.8 %, 6196 bytes)
(64.0 %, 6157 bytes)
(64.2 %, 6121 bytes)
TERM caught, terminating 4320
 at /opt/homebrew/Cellar/creduce/2.10.0_5/libexec/creduce line 35.
	main::__ANON__("TERM caught, terminating 4320\x{a}") called at /opt/homebrew/Cellar/creduce/2.10.0_5/libexec/creduce line 1003
	main::sigHandler("TERM") called at /opt/homebrew/Cellar/creduce/2.10.0_5/libexec/creduce line 492
	eval {...} called at /opt/homebrew/Cellar/creduce/2.10.0_5/libexec/creduce line 492
	main::wait_helper() called at /opt/homebrew/Cellar/creduce/2.10.0_5/libexec/creduce line 665
	main::delta_pass(HASH(0x143a62128)) called at /opt/homebrew/Cellar/creduce/2.10.0_5/libexec/creduce line 1080
 at /opt/homebrew/Cellar/creduce/2.10.0_5/libexec/creduce line 35.
	main::__ANON__("TERM caught, terminating 4320\x{a} at /opt/homebrew/Cellar/creduc"...) called at /opt/homebrew/Cellar/creduce/2.10.0_5/libexec/creduce line 492
	main::wait_helper() called at /opt/homebrew/Cellar/creduce/2.10.0_5/libexec/creduce line 665
	main::delta_pass(HASH(0x143a62128)) called at /opt/homebrew/Cellar/creduce/2.10.0_5/libexec/creduce line 1080
